0 info it worked if it ends with ok
1 verbose cli [ '/Users/hilary.scott/.nvm/versions/node/v5.0.0/bin/node',
1 verbose cli   '/Users/hilary.scott/.nvm/versions/node/v5.0.0/bin/npm',
1 verbose cli   'start' ]
2 info using npm@3.3.6
3 info using node@v5.0.0
4 verbose run-script [ 'prestart', 'start', 'poststart' ]
5 info lifecycle dyson-demo@0.0.2~prestart: dyson-demo@0.0.2
6 silly lifecycle dyson-demo@0.0.2~prestart: no script for prestart, continuing
7 info lifecycle dyson-demo@0.0.2~start: dyson-demo@0.0.2
8 verbose lifecycle dyson-demo@0.0.2~start: unsafe-perm in lifecycle true
9 verbose lifecycle dyson-demo@0.0.2~start: PATH: /Users/hilary.scott/.nvm/versions/node/v5.0.0/lib/node_modules/npm/bin/node-gyp-bin:/Users/hilary.scott/Documents/Code/dysontest/dyson-demo/node_modules/.bin:/Users/hilary.scott/.rvm/gems/ruby-2.3.0/bin:/Users/hilary.scott/.rvm/gems/ruby-2.3.0@global/bin:/Users/hilary.scott/.rvm/rubies/ruby-2.3.0/bin:/Users/hilary.scott/.nvm/versions/node/v5.0.0/bin:/usr/local/bin:/usr/bin:/bin:/usr/sbin:/sbin:/usr/local/munki:/Users/hilary.scott/.rvm/bin
10 verbose lifecycle dyson-demo@0.0.2~start: CWD: /Users/hilary.scott/Documents/Code/dysontest/dyson-demo
11 silly lifecycle dyson-demo@0.0.2~start: Args: [ '-c', 'node ./dyson-demo.js' ]
12 silly lifecycle dyson-demo@0.0.2~start: Returned: code: 1  signal: null
13 info lifecycle dyson-demo@0.0.2~start: Failed to exec start script
14 verbose stack Error: dyson-demo@0.0.2 start: `node ./dyson-demo.js`
14 verbose stack Exit status 1
14 verbose stack     at EventEmitter.<anonymous> (/Users/hilary.scott/.nvm/versions/node/v5.0.0/lib/node_modules/npm/lib/utils/lifecycle.js:233:16)
14 verbose stack     at emitTwo (events.js:87:13)
14 verbose stack     at EventEmitter.emit (events.js:172:7)
14 verbose stack     at ChildProcess.<anonymous> (/Users/hilary.scott/.nvm/versions/node/v5.0.0/lib/node_modules/npm/lib/utils/spawn.js:24:14)
14 verbose stack     at emitTwo (events.js:87:13)
14 verbose stack     at ChildProcess.emit (events.js:172:7)
14 verbose stack     at maybeClose (internal/child_process.js:818:16)
14 verbose stack     at Process.ChildProcess._handle.onexit (internal/child_process.js:211:5)
15 verbose pkgid dyson-demo@0.0.2
16 verbose cwd /Users/hilary.scott/Documents/Code/dysontest/dyson-demo
17 error Darwin 15.6.0
18 error argv "/Users/hilary.scott/.nvm/versions/node/v5.0.0/bin/node" "/Users/hilary.scott/.nvm/versions/node/v5.0.0/bin/npm" "start"
19 error node v5.0.0
20 error npm  v3.3.6
21 error code ELIFECYCLE
22 error dyson-demo@0.0.2 start: `node ./dyson-demo.js`
22 error Exit status 1
23 error Failed at the dyson-demo@0.0.2 start script 'node ./dyson-demo.js'.
23 error This is most likely a problem with the dyson-demo package,
23 error not with npm itself.
23 error Tell the author that this fails on your system:
23 error     node ./dyson-demo.js
23 error You can get their info via:
23 error     npm owner ls dyson-demo
23 error There is likely additional logging output above.
24 verbose exit [ 1, true ]
